<?xml version="1.0" encoding="UTF-8"?>
<!-- Generated by org.testng.reporters.JUnitReportReporter -->
<testsuite hostname="FingoShop-Share" failures="0" tests="1" name="eCommerceLive.TestCase1" time="14.973" errors="0" timestamp="18 Feb 2019 13:11:48 GMT">
  <testcase classname="eCommerceLive.TestCase1" name="testTestCase1" time="14.973"/>
</testsuite> <!-- eCommerceLive.TestCase1 -->
