<?xml version="1.0" encoding="UTF-8"?>
<!-- Generated by org.testng.reporters.JUnitReportReporter -->
<testsuite hostname="FingoShop-Share" failures="0" tests="1" name="eCommerceLive.TestCase6" time="16.164" errors="0" timestamp="21 Feb 2019 04:40:58 GMT">
  <testcase classname="eCommerceLive.TestCase6" name="testTestCase5" time="16.164"/>
</testsuite> <!-- eCommerceLive.TestCase6 -->
