<?xml version="1.0" encoding="UTF-8"?>
<!-- Generated by org.testng.reporters.JUnitReportReporter -->
<testsuite hostname="FingoShop-Share" failures="0" tests="1" name="eCommerceLive.TestCase4" time="13.892" errors="0" timestamp="20 Feb 2019 04:52:02 GMT">
  <testcase classname="eCommerceLive.TestCase4" name="testTestCase4" time="13.892"/>
</testsuite> <!-- eCommerceLive.TestCase4 -->
