<?xml version="1.0" encoding="UTF-8"?>
<!-- Generated by org.testng.reporters.JUnitReportReporter -->
<testsuite hostname="FingoShop-Share" failures="0" tests="4" name="MyPackages.Myclass" time="113.623" errors="0" timestamp="8 Feb 2019 12:10:51 GMT">
  <testcase classname="MyPackages.Myclass" name="Signin" time="30.587"/>
  <testcase classname="MyPackages.Myclass" name="SignUp" time="26.265"/>
  <testcase classname="MyPackages.Myclass" name="verfiypageTitleTest" time="18.441"/>
  <testcase classname="MyPackages.Myclass" name="verifyFingologo" time="38.330"/>
</testsuite> <!-- MyPackages.Myclass -->
