<?xml version="1.0" encoding="UTF-8"?>
<!-- Generated by org.testng.reporters.JUnitReportReporter -->
<testsuite hostname="FingoShop-Share" failures="0" tests="1" name="MyPackages.PageNavigation" time="50.449" errors="0" timestamp="21 Jan 2019 08:45:21 GMT">
  <testcase classname="MyPackages.PageNavigation" name="PageNavg" time="50.449"/>
</testsuite> <!-- MyPackages.PageNavigation -->
