<?xml version="1.0" encoding="UTF-8"?>
<!-- Generated by org.testng.reporters.JUnitReportReporter -->
<testsuite hostname="FingoShop-Share" failures="0" tests="1" name="MyPackage.FingoBrokenlink" time="69.726" errors="0" timestamp="15 Oct 2018 11:59:51 GMT">
  <testcase classname="MyPackage.FingoBrokenlink" name="Test1" time="69.726"/>
</testsuite> <!-- MyPackage.FingoBrokenlink -->
