<?xml version="1.0" encoding="UTF-8"?>
<!-- Generated by org.testng.reporters.JUnitReportReporter -->
<testsuite hostname="FingoShop-Share" failures="0" tests="1" name="MyPackages.Placeorder" time="87.600" errors="0" timestamp="9 Feb 2019 05:12:37 GMT">
  <testcase classname="MyPackages.Placeorder" name="Addtocard2" time="87.600"/>
</testsuite> <!-- MyPackages.Placeorder -->
