<?xml version="1.0" encoding="UTF-8"?>
<!-- Generated by org.testng.reporters.JUnitReportReporter -->
<testsuite hostname="FingoShop-Share" failures="0" tests="1" name="MyPackages.OrderPlace" time="119.375" errors="0" timestamp="14 Jan 2019 06:32:31 GMT">
  <testcase classname="MyPackages.OrderPlace" name="Addtocard2" time="119.375"/>
</testsuite> <!-- MyPackages.OrderPlace -->
