<?xml version="1.0" encoding="UTF-8"?>
<!-- Generated by org.testng.reporters.JUnitReportReporter -->
<testsuite hostname="FingoShop-Share" failures="0" tests="1" name="eCommerceLive.TestCase4" time="15.457" errors="0" timestamp="23 Feb 2019 11:07:35 GMT">
  <testcase classname="eCommerceLive.TestCase4" name="testTestCase4" time="15.457"/>
</testsuite> <!-- eCommerceLive.TestCase4 -->
