<?xml version="1.0" encoding="UTF-8"?>
<!-- Generated by org.testng.reporters.JUnitReportReporter -->
<testsuite hostname="FingoShop-Share" failures="0" tests="1" name="MyPackage.OrderPlace" time="79.272" errors="0" timestamp="20 Oct 2018 12:31:59 GMT">
  <testcase classname="MyPackage.OrderPlace" name="Addtocard2" time="79.272"/>
</testsuite> <!-- MyPackage.OrderPlace -->
