<?xml version="1.0" encoding="UTF-8"?>
<!-- Generated by org.testng.reporters.JUnitReportReporter -->
<testsuite hostname="FingoShop-Share" failures="0" tests="1" name="Bookwoo.BookwowLoginPage" time="56.670" errors="0" timestamp="14 Feb 2019 06:58:52 GMT">
  <testcase classname="Bookwoo.BookwowLoginPage" name="Case1" time="56.670"/>
</testsuite> <!-- Bookwoo.BookwowLoginPage -->
