<?xml version="1.0" encoding="UTF-8"?>
<!-- Generated by org.testng.reporters.JUnitReportReporter -->
<testsuite hostname="FingoShop-Share" failures="0" tests="1" name="MyPackage.Sample" time="24.893" errors="0" timestamp="13 Oct 2018 12:17:04 GMT">
  <testcase classname="MyPackage.Sample" name="Urlcapture" time="24.893"/>
</testsuite> <!-- MyPackage.Sample -->
