<?xml version="1.0" encoding="UTF-8"?>
<!-- Generated by org.testng.reporters.JUnitReportReporter -->
<testsuite hostname="FingoShop-Share" failures="0" tests="4" name="MyPackages.ExtenTReportsDemo" time="53.183" errors="0" timestamp="9 Feb 2019 05:52:15 GMT">
  <testcase classname="MyPackages.ExtenTReportsDemo" name="SignUp" time="19.985"/>
  <testcase classname="MyPackages.ExtenTReportsDemo" name="Signin" time="17.284"/>
  <testcase classname="MyPackages.ExtenTReportsDemo" name="verifyFingologo" time="7.874"/>
  <testcase classname="MyPackages.ExtenTReportsDemo" name="verfiypageTitleTest" time="8.040"/>
</testsuite> <!-- MyPackages.ExtenTReportsDemo -->
