<?xml version="1.0" encoding="UTF-8"?>
<!-- Generated by org.testng.reporters.JUnitReportReporter -->
<testsuite hostname="FingoShop-Share" failures="0" tests="1" name="eCommerceLive.TestCase3" time="23.425" errors="0" timestamp="19 Feb 2019 10:12:46 GMT">
  <testcase classname="eCommerceLive.TestCase3" name="testTestCase3" time="23.425"/>
</testsuite> <!-- eCommerceLive.TestCase3 -->
