<?xml version="1.0" encoding="UTF-8"?>
<!-- Generated by org.testng.reporters.JUnitReportReporter -->
<testsuite hostname="FingoShop-Share" failures="0" tests="1" name="eCommerceLive.TestCase2" time="11.569" errors="0" timestamp="19 Feb 2019 06:44:46 GMT">
  <testcase classname="eCommerceLive.TestCase2" name="testTestCase2" time="11.569"/>
</testsuite> <!-- eCommerceLive.TestCase2 -->
