<?xml version="1.0" encoding="UTF-8"?>
<!-- Generated by org.testng.reporters.JUnitReportReporter -->
<testsuite hostname="FingoShop-Share" failures="0" tests="1" name="MyPackage.PageNavigation" time="206.301" errors="0" timestamp="23 Oct 2018 13:25:04 GMT">
  <testcase classname="MyPackage.PageNavigation" name="PageNavg" time="206.301"/>
</testsuite> <!-- MyPackage.PageNavigation -->
